  scene.cpp
C:\Users\Deniss\Desktop\IMPORTANT\Game\src\texture.hpp(17): warning C4244: 'argument': conversion from 'float' to 'T', possible loss of data
          with
          [
              T=glm::u32
          ]
C:\Users\Deniss\Desktop\IMPORTANT\Game\src\scene.cpp(245): warning C4267: 'initializing': conversion from 'size_t' to 'int', possible loss of data
C:\Users\Deniss\Desktop\IMPORTANT\Game\include\Bullet\LinearMath\btAlignedObjectArray.h(266): warning C5033: 'register' is no longer a supported storage class
  C:\Users\Deniss\Desktop\IMPORTANT\Game\include\Bullet\LinearMath\btAlignedObjectArray.h(265): note: while compiling class template member function 'void btAlignedObjectArray<btDbvt::sStkNPS>::push_back(const T &)'
          with
          [
              T=btDbvt::sStkNPS
          ]
  C:\Users\Deniss\Desktop\IMPORTANT\Game\include\Bullet\BulletCollision\BroadphaseCollision\btDbvt.h(405): note: see reference to function template instantiation 'void btAlignedObjectArray<btDbvt::sStkNPS>::push_back(const T &)' being compiled
          with
          [
              T=btDbvt::sStkNPS
          ]
  C:\Users\Deniss\Desktop\IMPORTANT\Game\include\Bullet\BulletCollision\BroadphaseCollision\btDbvt.h(400): note: see reference to class template instantiation 'btAlignedObjectArray<btDbvt::sStkNPS>' being compiled
  C:\Users\Deniss\Desktop\IMPORTANT\Game\include\PlayRho\Common\Settings.hpp(134): note: see reference to class template instantiation 'playrho::detail::Defaults<playrho::Real>' being compiled
C:\Users\Deniss\Desktop\IMPORTANT\Game\include\Bullet\LinearMath\btAlignedObjectArray.h(212): warning C5033: 'register' is no longer a supported storage class
  C:\Users\Deniss\Desktop\IMPORTANT\Game\include\Bullet\LinearMath\btAlignedObjectArray.h(211): note: while compiling class template member function 'void btAlignedObjectArray<Value>::resize(int,const T &)'
          with
          [
              Value=btTriangleInfo,
              T=btTriangleInfo
          ]
  C:\Users\Deniss\Desktop\IMPORTANT\Game\include\Bullet\BulletCollision\CollisionShapes\btTriangleInfoMap.h(222): note: see reference to function template instantiation 'void btAlignedObjectArray<Value>::resize(int,const T &)' being compiled
          with
          [
              Value=btTriangleInfo,
              T=btTriangleInfo
          ]
  C:\Users\Deniss\Desktop\IMPORTANT\Game\include\Bullet\LinearMath\btHashMap.h(225): note: see reference to class template instantiation 'btAlignedObjectArray<Value>' being compiled
          with
          [
              Value=btTriangleInfo
          ]
  C:\Users\Deniss\Desktop\IMPORTANT\Game\include\Bullet\BulletCollision\CollisionShapes\btTriangleInfoMap.h(54): note: see reference to class template instantiation 'btHashMap<btHashInt,btTriangleInfo>' being compiled
  Generating code
  1 of 8295 functions (<0.1%) were compiled, the rest were copied from previous compilation.
    0 functions were new in current compilation
    46 functions had inline decision re-evaluated but remain unchanged
  Finished generating code
glfw3.lib(context.obj) : warning LNK4099: PDB 'glfw.pdb' was not found with 'glfw3.lib(context.obj)' or at 'C:\Users\Deniss\Desktop\IMPORTANT\Game\x64\Release\glfw.pdb'; linking object as if no debug info
glfw3.lib(init.obj) : warning LNK4099: PDB 'glfw.pdb' was not found with 'glfw3.lib(init.obj)' or at 'C:\Users\Deniss\Desktop\IMPORTANT\Game\x64\Release\glfw.pdb'; linking object as if no debug info
glfw3.lib(input.obj) : warning LNK4099: PDB 'glfw.pdb' was not found with 'glfw3.lib(input.obj)' or at 'C:\Users\Deniss\Desktop\IMPORTANT\Game\x64\Release\glfw.pdb'; linking object as if no debug info
glfw3.lib(monitor.obj) : warning LNK4099: PDB 'glfw.pdb' was not found with 'glfw3.lib(monitor.obj)' or at 'C:\Users\Deniss\Desktop\IMPORTANT\Game\x64\Release\glfw.pdb'; linking object as if no debug info
glfw3.lib(vulkan.obj) : warning LNK4099: PDB 'glfw.pdb' was not found with 'glfw3.lib(vulkan.obj)' or at 'C:\Users\Deniss\Desktop\IMPORTANT\Game\x64\Release\glfw.pdb'; linking object as if no debug info
glfw3.lib(window.obj) : warning LNK4099: PDB 'glfw.pdb' was not found with 'glfw3.lib(window.obj)' or at 'C:\Users\Deniss\Desktop\IMPORTANT\Game\x64\Release\glfw.pdb'; linking object as if no debug info
glfw3.lib(win32_init.obj) : warning LNK4099: PDB 'glfw.pdb' was not found with 'glfw3.lib(win32_init.obj)' or at 'C:\Users\Deniss\Desktop\IMPORTANT\Game\x64\Release\glfw.pdb'; linking object as if no debug info
glfw3.lib(win32_joystick.obj) : warning LNK4099: PDB 'glfw.pdb' was not found with 'glfw3.lib(win32_joystick.obj)' or at 'C:\Users\Deniss\Desktop\IMPORTANT\Game\x64\Release\glfw.pdb'; linking object as if no debug info
glfw3.lib(win32_monitor.obj) : warning LNK4099: PDB 'glfw.pdb' was not found with 'glfw3.lib(win32_monitor.obj)' or at 'C:\Users\Deniss\Desktop\IMPORTANT\Game\x64\Release\glfw.pdb'; linking object as if no debug info
glfw3.lib(win32_time.obj) : warning LNK4099: PDB 'glfw.pdb' was not found with 'glfw3.lib(win32_time.obj)' or at 'C:\Users\Deniss\Desktop\IMPORTANT\Game\x64\Release\glfw.pdb'; linking object as if no debug info
glfw3.lib(win32_thread.obj) : warning LNK4099: PDB 'glfw.pdb' was not found with 'glfw3.lib(win32_thread.obj)' or at 'C:\Users\Deniss\Desktop\IMPORTANT\Game\x64\Release\glfw.pdb'; linking object as if no debug info
glfw3.lib(win32_window.obj) : warning LNK4099: PDB 'glfw.pdb' was not found with 'glfw3.lib(win32_window.obj)' or at 'C:\Users\Deniss\Desktop\IMPORTANT\Game\x64\Release\glfw.pdb'; linking object as if no debug info
glfw3.lib(wgl_context.obj) : warning LNK4099: PDB 'glfw.pdb' was not found with 'glfw3.lib(wgl_context.obj)' or at 'C:\Users\Deniss\Desktop\IMPORTANT\Game\x64\Release\glfw.pdb'; linking object as if no debug info
glfw3.lib(egl_context.obj) : warning LNK4099: PDB 'glfw.pdb' was not found with 'glfw3.lib(egl_context.obj)' or at 'C:\Users\Deniss\Desktop\IMPORTANT\Game\x64\Release\glfw.pdb'; linking object as if no debug info
glfw3.lib(osmesa_context.obj) : warning LNK4099: PDB 'glfw.pdb' was not found with 'glfw3.lib(osmesa_context.obj)' or at 'C:\Users\Deniss\Desktop\IMPORTANT\Game\x64\Release\glfw.pdb'; linking object as if no debug info
PlayRho.lib(DistanceJoint.obj) : warning LNK4099: PDB 'PlayRho.pdb' was not found with 'PlayRho.lib(DistanceJoint.obj)' or at 'C:\Users\Deniss\Desktop\IMPORTANT\Game\x64\Release\PlayRho.pdb'; linking object as if no debug info
PlayRho.lib(DistanceJointConf.obj) : warning LNK4099: PDB 'PlayRho.pdb' was not found with 'PlayRho.lib(DistanceJointConf.obj)' or at 'C:\Users\Deniss\Desktop\IMPORTANT\Game\x64\Release\PlayRho.pdb'; linking object as if no debug info
PlayRho.lib(FrictionJoint.obj) : warning LNK4099: PDB 'PlayRho.pdb' was not found with 'PlayRho.lib(FrictionJoint.obj)' or at 'C:\Users\Deniss\Desktop\IMPORTANT\Game\x64\Release\PlayRho.pdb'; linking object as if no debug info
PlayRho.lib(FrictionJointConf.obj) : warning LNK4099: PDB 'PlayRho.pdb' was not found with 'PlayRho.lib(FrictionJointConf.obj)' or at 'C:\Users\Deniss\Desktop\IMPORTANT\Game\x64\Release\PlayRho.pdb'; linking object as if no debug info
PlayRho.lib(GearJoint.obj) : warning LNK4099: PDB 'PlayRho.pdb' was not found with 'PlayRho.lib(GearJoint.obj)' or at 'C:\Users\Deniss\Desktop\IMPORTANT\Game\x64\Release\PlayRho.pdb'; linking object as if no debug info
PlayRho.lib(GearJointConf.obj) : warning LNK4099: PDB 'PlayRho.pdb' was not found with 'PlayRho.lib(GearJointConf.obj)' or at 'C:\Users\Deniss\Desktop\IMPORTANT\Game\x64\Release\PlayRho.pdb'; linking object as if no debug info
PlayRho.lib(Joint.obj) : warning LNK4099: PDB 'PlayRho.pdb' was not found with 'PlayRho.lib(Joint.obj)' or at 'C:\Users\Deniss\Desktop\IMPORTANT\Game\x64\Release\PlayRho.pdb'; linking object as if no debug info
PlayRho.lib(JointConf.obj) : warning LNK4099: PDB 'PlayRho.pdb' was not found with 'PlayRho.lib(JointConf.obj)' or at 'C:\Users\Deniss\Desktop\IMPORTANT\Game\x64\Release\PlayRho.pdb'; linking object as if no debug info
PlayRho.lib(JointType.obj) : warning LNK4099: PDB 'PlayRho.pdb' was not found with 'PlayRho.lib(JointType.obj)' or at 'C:\Users\Deniss\Desktop\IMPORTANT\Game\x64\Release\PlayRho.pdb'; linking object as if no debug info
PlayRho.lib(MotorJoint.obj) : warning LNK4099: PDB 'PlayRho.pdb' was not found with 'PlayRho.lib(MotorJoint.obj)' or at 'C:\Users\Deniss\Desktop\IMPORTANT\Game\x64\Release\PlayRho.pdb'; linking object as if no debug info
PlayRho.lib(MotorJointConf.obj) : warning LNK4099: PDB 'PlayRho.pdb' was not found with 'PlayRho.lib(MotorJointConf.obj)' or at 'C:\Users\Deniss\Desktop\IMPORTANT\Game\x64\Release\PlayRho.pdb'; linking object as if no debug info
PlayRho.lib(PrismaticJoint.obj) : warning LNK4099: PDB 'PlayRho.pdb' was not found with 'PlayRho.lib(PrismaticJoint.obj)' or at 'C:\Users\Deniss\Desktop\IMPORTANT\Game\x64\Release\PlayRho.pdb'; linking object as if no debug info
PlayRho.lib(PrismaticJointConf.obj) : warning LNK4099: PDB 'PlayRho.pdb' was not found with 'PlayRho.lib(PrismaticJointConf.obj)' or at 'C:\Users\Deniss\Desktop\IMPORTANT\Game\x64\Release\PlayRho.pdb'; linking object as if no debug info
PlayRho.lib(PulleyJoint.obj) : warning LNK4099: PDB 'PlayRho.pdb' was not found with 'PlayRho.lib(PulleyJoint.obj)' or at 'C:\Users\Deniss\Desktop\IMPORTANT\Game\x64\Release\PlayRho.pdb'; linking object as if no debug info
PlayRho.lib(PulleyJointConf.obj) : warning LNK4099: PDB 'PlayRho.pdb' was not found with 'PlayRho.lib(PulleyJointConf.obj)' or at 'C:\Users\Deniss\Desktop\IMPORTANT\Game\x64\Release\PlayRho.pdb'; linking object as if no debug info
PlayRho.lib(RevoluteJoint.obj) : warning LNK4099: PDB 'PlayRho.pdb' was not found with 'PlayRho.lib(RevoluteJoint.obj)' or at 'C:\Users\Deniss\Desktop\IMPORTANT\Game\x64\Release\PlayRho.pdb'; linking object as if no debug info
PlayRho.lib(RevoluteJointConf.obj) : warning LNK4099: PDB 'PlayRho.pdb' was not found with 'PlayRho.lib(RevoluteJointConf.obj)' or at 'C:\Users\Deniss\Desktop\IMPORTANT\Game\x64\Release\PlayRho.pdb'; linking object as if no debug info
PlayRho.lib(RopeJoint.obj) : warning LNK4099: PDB 'PlayRho.pdb' was not found with 'PlayRho.lib(RopeJoint.obj)' or at 'C:\Users\Deniss\Desktop\IMPORTANT\Game\x64\Release\PlayRho.pdb'; linking object as if no debug info
PlayRho.lib(RopeJointConf.obj) : warning LNK4099: PDB 'PlayRho.pdb' was not found with 'PlayRho.lib(RopeJointConf.obj)' or at 'C:\Users\Deniss\Desktop\IMPORTANT\Game\x64\Release\PlayRho.pdb'; linking object as if no debug info
PlayRho.lib(TargetJoint.obj) : warning LNK4099: PDB 'PlayRho.pdb' was not found with 'PlayRho.lib(TargetJoint.obj)' or at 'C:\Users\Deniss\Desktop\IMPORTANT\Game\x64\Release\PlayRho.pdb'; linking object as if no debug info
PlayRho.lib(TargetJointConf.obj) : warning LNK4099: PDB 'PlayRho.pdb' was not found with 'PlayRho.lib(TargetJointConf.obj)' or at 'C:\Users\Deniss\Desktop\IMPORTANT\Game\x64\Release\PlayRho.pdb'; linking object as if no debug info
PlayRho.lib(WeldJoint.obj) : warning LNK4099: PDB 'PlayRho.pdb' was not found with 'PlayRho.lib(WeldJoint.obj)' or at 'C:\Users\Deniss\Desktop\IMPORTANT\Game\x64\Release\PlayRho.pdb'; linking object as if no debug info
PlayRho.lib(WeldJointConf.obj) : warning LNK4099: PDB 'PlayRho.pdb' was not found with 'PlayRho.lib(WeldJointConf.obj)' or at 'C:\Users\Deniss\Desktop\IMPORTANT\Game\x64\Release\PlayRho.pdb'; linking object as if no debug info
PlayRho.lib(WheelJoint.obj) : warning LNK4099: PDB 'PlayRho.pdb' was not found with 'PlayRho.lib(WheelJoint.obj)' or at 'C:\Users\Deniss\Desktop\IMPORTANT\Game\x64\Release\PlayRho.pdb'; linking object as if no debug info
PlayRho.lib(WheelJointConf.obj) : warning LNK4099: PDB 'PlayRho.pdb' was not found with 'PlayRho.lib(WheelJointConf.obj)' or at 'C:\Users\Deniss\Desktop\IMPORTANT\Game\x64\Release\PlayRho.pdb'; linking object as if no debug info
PlayRho.lib(Contact.obj) : warning LNK4099: PDB 'PlayRho.pdb' was not found with 'PlayRho.lib(Contact.obj)' or at 'C:\Users\Deniss\Desktop\IMPORTANT\Game\x64\Release\PlayRho.pdb'; linking object as if no debug info
PlayRho.lib(ContactSolver.obj) : warning LNK4099: PDB 'PlayRho.pdb' was not found with 'PlayRho.lib(ContactSolver.obj)' or at 'C:\Users\Deniss\Desktop\IMPORTANT\Game\x64\Release\PlayRho.pdb'; linking object as if no debug info
PlayRho.lib(PositionSolverManifold.obj) : warning LNK4099: PDB 'PlayRho.pdb' was not found with 'PlayRho.lib(PositionSolverManifold.obj)' or at 'C:\Users\Deniss\Desktop\IMPORTANT\Game\x64\Release\PlayRho.pdb'; linking object as if no debug info
PlayRho.lib(VelocityConstraint.obj) : warning LNK4099: PDB 'PlayRho.pdb' was not found with 'PlayRho.lib(VelocityConstraint.obj)' or at 'C:\Users\Deniss\Desktop\IMPORTANT\Game\x64\Release\PlayRho.pdb'; linking object as if no debug info
PlayRho.lib(Body.obj) : warning LNK4099: PDB 'PlayRho.pdb' was not found with 'PlayRho.lib(Body.obj)' or at 'C:\Users\Deniss\Desktop\IMPORTANT\Game\x64\Release\PlayRho.pdb'; linking object as if no debug info
PlayRho.lib(BodyConf.obj) : warning LNK4099: PDB 'PlayRho.pdb' was not found with 'PlayRho.lib(BodyConf.obj)' or at 'C:\Users\Deniss\Desktop\IMPORTANT\Game\x64\Release\PlayRho.pdb'; linking object as if no debug info
PlayRho.lib(ContactImpulsesList.obj) : warning LNK4099: PDB 'PlayRho.pdb' was not found with 'PlayRho.lib(ContactImpulsesList.obj)' or at 'C:\Users\Deniss\Desktop\IMPORTANT\Game\x64\Release\PlayRho.pdb'; linking object as if no debug info
PlayRho.lib(Fixture.obj) : warning LNK4099: PDB 'PlayRho.pdb' was not found with 'PlayRho.lib(Fixture.obj)' or at 'C:\Users\Deniss\Desktop\IMPORTANT\Game\x64\Release\PlayRho.pdb'; linking object as if no debug info
PlayRho.lib(FixtureConf.obj) : warning LNK4099: PDB 'PlayRho.pdb' was not found with 'PlayRho.lib(FixtureConf.obj)' or at 'C:\Users\Deniss\Desktop\IMPORTANT\Game\x64\Release\PlayRho.pdb'; linking object as if no debug info
PlayRho.lib(Island.obj) : warning LNK4099: PDB 'PlayRho.pdb' was not found with 'PlayRho.lib(Island.obj)' or at 'C:\Users\Deniss\Desktop\IMPORTANT\Game\x64\Release\PlayRho.pdb'; linking object as if no debug info
PlayRho.lib(MovementConf.obj) : warning LNK4099: PDB 'PlayRho.pdb' was not found with 'PlayRho.lib(MovementConf.obj)' or at 'C:\Users\Deniss\Desktop\IMPORTANT\Game\x64\Release\PlayRho.pdb'; linking object as if no debug info
PlayRho.lib(World.obj) : warning LNK4099: PDB 'PlayRho.pdb' was not found with 'PlayRho.lib(World.obj)' or at 'C:\Users\Deniss\Desktop\IMPORTANT\Game\x64\Release\PlayRho.pdb'; linking object as if no debug info
PlayRho.lib(DynamicMemory.obj) : warning LNK4099: PDB 'PlayRho.pdb' was not found with 'PlayRho.lib(DynamicMemory.obj)' or at 'C:\Users\Deniss\Desktop\IMPORTANT\Game\x64\Release\PlayRho.pdb'; linking object as if no debug info
PlayRho.lib(Math.obj) : warning LNK4099: PDB 'PlayRho.pdb' was not found with 'PlayRho.lib(Math.obj)' or at 'C:\Users\Deniss\Desktop\IMPORTANT\Game\x64\Release\PlayRho.pdb'; linking object as if no debug info
PlayRho.lib(UnitVec.obj) : warning LNK4099: PDB 'PlayRho.pdb' was not found with 'PlayRho.lib(UnitVec.obj)' or at 'C:\Users\Deniss\Desktop\IMPORTANT\Game\x64\Release\PlayRho.pdb'; linking object as if no debug info
PlayRho.lib(Velocity.obj) : warning LNK4099: PDB 'PlayRho.pdb' was not found with 'PlayRho.lib(Velocity.obj)' or at 'C:\Users\Deniss\Desktop\IMPORTANT\Game\x64\Release\PlayRho.pdb'; linking object as if no debug info
PlayRho.lib(ChainShapeConf.obj) : warning LNK4099: PDB 'PlayRho.pdb' was not found with 'PlayRho.lib(ChainShapeConf.obj)' or at 'C:\Users\Deniss\Desktop\IMPORTANT\Game\x64\Release\PlayRho.pdb'; linking object as if no debug info
PlayRho.lib(EdgeShapeConf.obj) : warning LNK4099: PDB 'PlayRho.pdb' was not found with 'PlayRho.lib(EdgeShapeConf.obj)' or at 'C:\Users\Deniss\Desktop\IMPORTANT\Game\x64\Release\PlayRho.pdb'; linking object as if no debug info
PlayRho.lib(PolygonShapeConf.obj) : warning LNK4099: PDB 'PlayRho.pdb' was not found with 'PlayRho.lib(PolygonShapeConf.obj)' or at 'C:\Users\Deniss\Desktop\IMPORTANT\Game\x64\Release\PlayRho.pdb'; linking object as if no debug info
PlayRho.lib(Shape.obj) : warning LNK4099: PDB 'PlayRho.pdb' was not found with 'PlayRho.lib(Shape.obj)' or at 'C:\Users\Deniss\Desktop\IMPORTANT\Game\x64\Release\PlayRho.pdb'; linking object as if no debug info
PlayRho.lib(AABB.obj) : warning LNK4099: PDB 'PlayRho.pdb' was not found with 'PlayRho.lib(AABB.obj)' or at 'C:\Users\Deniss\Desktop\IMPORTANT\Game\x64\Release\PlayRho.pdb'; linking object as if no debug info
PlayRho.lib(Collision.obj) : warning LNK4099: PDB 'PlayRho.pdb' was not found with 'PlayRho.lib(Collision.obj)' or at 'C:\Users\Deniss\Desktop\IMPORTANT\Game\x64\Release\PlayRho.pdb'; linking object as if no debug info
PlayRho.lib(Distance.obj) : warning LNK4099: PDB 'PlayRho.pdb' was not found with 'PlayRho.lib(Distance.obj)' or at 'C:\Users\Deniss\Desktop\IMPORTANT\Game\x64\Release\PlayRho.pdb'; linking object as if no debug info
PlayRho.lib(DistanceProxy.obj) : warning LNK4099: PDB 'PlayRho.pdb' was not found with 'PlayRho.lib(DistanceProxy.obj)' or at 'C:\Users\Deniss\Desktop\IMPORTANT\Game\x64\Release\PlayRho.pdb'; linking object as if no debug info
PlayRho.lib(DynamicTree.obj) : warning LNK4099: PDB 'PlayRho.pdb' was not found with 'PlayRho.lib(DynamicTree.obj)' or at 'C:\Users\Deniss\Desktop\IMPORTANT\Game\x64\Release\PlayRho.pdb'; linking object as if no debug info
PlayRho.lib(Manifold.obj) : warning LNK4099: PDB 'PlayRho.pdb' was not found with 'PlayRho.lib(Manifold.obj)' or at 'C:\Users\Deniss\Desktop\IMPORTANT\Game\x64\Release\PlayRho.pdb'; linking object as if no debug info
PlayRho.lib(MassData.obj) : warning LNK4099: PDB 'PlayRho.pdb' was not found with 'PlayRho.lib(MassData.obj)' or at 'C:\Users\Deniss\Desktop\IMPORTANT\Game\x64\Release\PlayRho.pdb'; linking object as if no debug info
PlayRho.lib(SeparationScenario.obj) : warning LNK4099: PDB 'PlayRho.pdb' was not found with 'PlayRho.lib(SeparationScenario.obj)' or at 'C:\Users\Deniss\Desktop\IMPORTANT\Game\x64\Release\PlayRho.pdb'; linking object as if no debug info
PlayRho.lib(ShapeSeparation.obj) : warning LNK4099: PDB 'PlayRho.pdb' was not found with 'PlayRho.lib(ShapeSeparation.obj)' or at 'C:\Users\Deniss\Desktop\IMPORTANT\Game\x64\Release\PlayRho.pdb'; linking object as if no debug info
PlayRho.lib(Simplex.obj) : warning LNK4099: PDB 'PlayRho.pdb' was not found with 'PlayRho.lib(Simplex.obj)' or at 'C:\Users\Deniss\Desktop\IMPORTANT\Game\x64\Release\PlayRho.pdb'; linking object as if no debug info
PlayRho.lib(TimeOfImpact.obj) : warning LNK4099: PDB 'PlayRho.pdb' was not found with 'PlayRho.lib(TimeOfImpact.obj)' or at 'C:\Users\Deniss\Desktop\IMPORTANT\Game\x64\Release\PlayRho.pdb'; linking object as if no debug info
PlayRho.lib(WorldManifold.obj) : warning LNK4099: PDB 'PlayRho.pdb' was not found with 'PlayRho.lib(WorldManifold.obj)' or at 'C:\Users\Deniss\Desktop\IMPORTANT\Game\x64\Release\PlayRho.pdb'; linking object as if no debug info
BulletDynamics_Debug.lib(btConeTwistConstraint.obj) : warning LNK4099: PDB 'BulletDynamics.pdb' was not found with 'BulletDynamics_Debug.lib(btConeTwistConstraint.obj)' or at 'C:\Users\Deniss\Desktop\IMPORTANT\Game\x64\Release\BulletDynamics.pdb'; linking object as if no debug info
BulletDynamics_Debug.lib(btGeneric6DofConstraint.obj) : warning LNK4099: PDB 'BulletDynamics.pdb' was not found with 'BulletDynamics_Debug.lib(btGeneric6DofConstraint.obj)' or at 'C:\Users\Deniss\Desktop\IMPORTANT\Game\x64\Release\BulletDynamics.pdb'; linking object as if no debug info
BulletDynamics_Debug.lib(btSequentialImpulseConstraintSolver.obj) : warning LNK4099: PDB 'BulletDynamics.pdb' was not found with 'BulletDynamics_Debug.lib(btSequentialImpulseConstraintSolver.obj)' or at 'C:\Users\Deniss\Desktop\IMPORTANT\Game\x64\Release\BulletDynamics.pdb'; linking object as if no debug info
BulletDynamics_Debug.lib(btTypedConstraint.obj) : warning LNK4099: PDB 'BulletDynamics.pdb' was not found with 'BulletDynamics_Debug.lib(btTypedConstraint.obj)' or at 'C:\Users\Deniss\Desktop\IMPORTANT\Game\x64\Release\BulletDynamics.pdb'; linking object as if no debug info
BulletDynamics_Debug.lib(btDiscreteDynamicsWorld.obj) : warning LNK4099: PDB 'BulletDynamics.pdb' was not found with 'BulletDynamics_Debug.lib(btDiscreteDynamicsWorld.obj)' or at 'C:\Users\Deniss\Desktop\IMPORTANT\Game\x64\Release\BulletDynamics.pdb'; linking object as if no debug info
BulletDynamics_Debug.lib(btRigidBody.obj) : warning LNK4099: PDB 'BulletDynamics.pdb' was not found with 'BulletDynamics_Debug.lib(btRigidBody.obj)' or at 'C:\Users\Deniss\Desktop\IMPORTANT\Game\x64\Release\BulletDynamics.pdb'; linking object as if no debug info
BulletCollision_Debug.lib(btCollisionAlgorithm.obj) : warning LNK4099: PDB 'BulletCollision.pdb' was not found with 'BulletCollision_Debug.lib(btCollisionAlgorithm.obj)' or at 'C:\Users\Deniss\Desktop\IMPORTANT\Game\x64\Release\BulletCollision.pdb'; linking object as if no debug info
BulletCollision_Debug.lib(btDbvt.obj) : warning LNK4099: PDB 'BulletCollision.pdb' was not found with 'BulletCollision_Debug.lib(btDbvt.obj)' or at 'C:\Users\Deniss\Desktop\IMPORTANT\Game\x64\Release\BulletCollision.pdb'; linking object as if no debug info
BulletCollision_Debug.lib(btDbvtBroadphase.obj) : warning LNK4099: PDB 'BulletCollision.pdb' was not found with 'BulletCollision_Debug.lib(btDbvtBroadphase.obj)' or at 'C:\Users\Deniss\Desktop\IMPORTANT\Game\x64\Release\BulletCollision.pdb'; linking object as if no debug info
BulletCollision_Debug.lib(btDispatcher.obj) : warning LNK4099: PDB 'BulletCollision.pdb' was not found with 'BulletCollision_Debug.lib(btDispatcher.obj)' or at 'C:\Users\Deniss\Desktop\IMPORTANT\Game\x64\Release\BulletCollision.pdb'; linking object as if no debug info
BulletCollision_Debug.lib(btOverlappingPairCache.obj) : warning LNK4099: PDB 'BulletCollision.pdb' was not found with 'BulletCollision_Debug.lib(btOverlappingPairCache.obj)' or at 'C:\Users\Deniss\Desktop\IMPORTANT\Game\x64\Release\BulletCollision.pdb'; linking object as if no debug info
BulletCollision_Debug.lib(btQuantizedBvh.obj) : warning LNK4099: PDB 'BulletCollision.pdb' was not found with 'BulletCollision_Debug.lib(btQuantizedBvh.obj)' or at 'C:\Users\Deniss\Desktop\IMPORTANT\Game\x64\Release\BulletCollision.pdb'; linking object as if no debug info
BulletCollision_Debug.lib(btActivatingCollisionAlgorithm.obj) : warning LNK4099: PDB 'BulletCollision.pdb' was not found with 'BulletCollision_Debug.lib(btActivatingCollisionAlgorithm.obj)' or at 'C:\Users\Deniss\Desktop\IMPORTANT\Game\x64\Release\BulletCollision.pdb'; linking object as if no debug info
BulletCollision_Debug.lib(btBoxBoxCollisionAlgorithm.obj) : warning LNK4099: PDB 'BulletCollision.pdb' was not found with 'BulletCollision_Debug.lib(btBoxBoxCollisionAlgorithm.obj)' or at 'C:\Users\Deniss\Desktop\IMPORTANT\Game\x64\Release\BulletCollision.pdb'; linking object as if no debug info
BulletCollision_Debug.lib(btBoxBoxDetector.obj) : warning LNK4099: PDB 'BulletCollision.pdb' was not found with 'BulletCollision_Debug.lib(btBoxBoxDetector.obj)' or at 'C:\Users\Deniss\Desktop\IMPORTANT\Game\x64\Release\BulletCollision.pdb'; linking object as if no debug info
BulletCollision_Debug.lib(btCollisionDispatcher.obj) : warning LNK4099: PDB 'BulletCollision.pdb' was not found with 'BulletCollision_Debug.lib(btCollisionDispatcher.obj)' or at 'C:\Users\Deniss\Desktop\IMPORTANT\Game\x64\Release\BulletCollision.pdb'; linking object as if no debug info
BulletCollision_Debug.lib(btCollisionObject.obj) : warning LNK4099: PDB 'BulletCollision.pdb' was not found with 'BulletCollision_Debug.lib(btCollisionObject.obj)' or at 'C:\Users\Deniss\Desktop\IMPORTANT\Game\x64\Release\BulletCollision.pdb'; linking object as if no debug info
BulletCollision_Debug.lib(btCollisionWorld.obj) : warning LNK4099: PDB 'BulletCollision.pdb' was not found with 'BulletCollision_Debug.lib(btCollisionWorld.obj)' or at 'C:\Users\Deniss\Desktop\IMPORTANT\Game\x64\Release\BulletCollision.pdb'; linking object as if no debug info
BulletCollision_Debug.lib(btCompoundCollisionAlgorithm.obj) : warning LNK4099: PDB 'BulletCollision.pdb' was not found with 'BulletCollision_Debug.lib(btCompoundCollisionAlgorithm.obj)' or at 'C:\Users\Deniss\Desktop\IMPORTANT\Game\x64\Release\BulletCollision.pdb'; linking object as if no debug info
BulletCollision_Debug.lib(btCompoundCompoundCollisionAlgorithm.obj) : warning LNK4099: PDB 'BulletCollision.pdb' was not found with 'BulletCollision_Debug.lib(btCompoundCompoundCollisionAlgorithm.obj)' or at 'C:\Users\Deniss\Desktop\IMPORTANT\Game\x64\Release\BulletCollision.pdb'; linking object as if no debug info
BulletCollision_Debug.lib(btConvexConcaveCollisionAlgorithm.obj) : warning LNK4099: PDB 'BulletCollision.pdb' was not found with 'BulletCollision_Debug.lib(btConvexConcaveCollisionAlgorithm.obj)' or at 'C:\Users\Deniss\Desktop\IMPORTANT\Game\x64\Release\BulletCollision.pdb'; linking object as if no debug info
BulletCollision_Debug.lib(btConvexConvexAlgorithm.obj) : warning LNK4099: PDB 'BulletCollision.pdb' was not found with 'BulletCollision_Debug.lib(btConvexConvexAlgorithm.obj)' or at 'C:\Users\Deniss\Desktop\IMPORTANT\Game\x64\Release\BulletCollision.pdb'; linking object as if no debug info
BulletCollision_Debug.lib(btConvexPlaneCollisionAlgorithm.obj) : warning LNK4099: PDB 'BulletCollision.pdb' was not found with 'BulletCollision_Debug.lib(btConvexPlaneCollisionAlgorithm.obj)' or at 'C:\Users\Deniss\Desktop\IMPORTANT\Game\x64\Release\BulletCollision.pdb'; linking object as if no debug info
BulletCollision_Debug.lib(btDefaultCollisionConfiguration.obj) : warning LNK4099: PDB 'BulletCollision.pdb' was not found with 'BulletCollision_Debug.lib(btDefaultCollisionConfiguration.obj)' or at 'C:\Users\Deniss\Desktop\IMPORTANT\Game\x64\Release\BulletCollision.pdb'; linking object as if no debug info
BulletCollision_Debug.lib(btEmptyCollisionAlgorithm.obj) : warning LNK4099: PDB 'BulletCollision.pdb' was not found with 'BulletCollision_Debug.lib(btEmptyCollisionAlgorithm.obj)' or at 'C:\Users\Deniss\Desktop\IMPORTANT\Game\x64\Release\BulletCollision.pdb'; linking object as if no debug info
BulletCollision_Debug.lib(btHashedSimplePairCache.obj) : warning LNK4099: PDB 'BulletCollision.pdb' was not found with 'BulletCollision_Debug.lib(btHashedSimplePairCache.obj)' or at 'C:\Users\Deniss\Desktop\IMPORTANT\Game\x64\Release\BulletCollision.pdb'; linking object as if no debug info
BulletCollision_Debug.lib(btManifoldResult.obj) : warning LNK4099: PDB 'BulletCollision.pdb' was not found with 'BulletCollision_Debug.lib(btManifoldResult.obj)' or at 'C:\Users\Deniss\Desktop\IMPORTANT\Game\x64\Release\BulletCollision.pdb'; linking object as if no debug info
BulletCollision_Debug.lib(btSimulationIslandManager.obj) : warning LNK4099: PDB 'BulletCollision.pdb' was not found with 'BulletCollision_Debug.lib(btSimulationIslandManager.obj)' or at 'C:\Users\Deniss\Desktop\IMPORTANT\Game\x64\Release\BulletCollision.pdb'; linking object as if no debug info
BulletCollision_Debug.lib(btSphereSphereCollisionAlgorithm.obj) : warning LNK4099: PDB 'BulletCollision.pdb' was not found with 'BulletCollision_Debug.lib(btSphereSphereCollisionAlgorithm.obj)' or at 'C:\Users\Deniss\Desktop\IMPORTANT\Game\x64\Release\BulletCollision.pdb'; linking object as if no debug info
BulletCollision_Debug.lib(btSphereTriangleCollisionAlgorithm.obj) : warning LNK4099: PDB 'BulletCollision.pdb' was not found with 'BulletCollision_Debug.lib(btSphereTriangleCollisionAlgorithm.obj)' or at 'C:\Users\Deniss\Desktop\IMPORTANT\Game\x64\Release\BulletCollision.pdb'; linking object as if no debug info
BulletCollision_Debug.lib(btUnionFind.obj) : warning LNK4099: PDB 'BulletCollision.pdb' was not found with 'BulletCollision_Debug.lib(btUnionFind.obj)' or at 'C:\Users\Deniss\Desktop\IMPORTANT\Game\x64\Release\BulletCollision.pdb'; linking object as if no debug info
BulletCollision_Debug.lib(SphereTriangleDetector.obj) : warning LNK4099: PDB 'BulletCollision.pdb' was not found with 'BulletCollision_Debug.lib(SphereTriangleDetector.obj)' or at 'C:\Users\Deniss\Desktop\IMPORTANT\Game\x64\Release\BulletCollision.pdb'; linking object as if no debug info
BulletCollision_Debug.lib(btBoxShape.obj) : warning LNK4099: PDB 'BulletCollision.pdb' was not found with 'BulletCollision_Debug.lib(btBoxShape.obj)' or at 'C:\Users\Deniss\Desktop\IMPORTANT\Game\x64\Release\BulletCollision.pdb'; linking object as if no debug info
BulletCollision_Debug.lib(btBvhTriangleMeshShape.obj) : warning LNK4099: PDB 'BulletCollision.pdb' was not found with 'BulletCollision_Debug.lib(btBvhTriangleMeshShape.obj)' or at 'C:\Users\Deniss\Desktop\IMPORTANT\Game\x64\Release\BulletCollision.pdb'; linking object as if no debug info
BulletCollision_Debug.lib(btCollisionShape.obj) : warning LNK4099: PDB 'BulletCollision.pdb' was not found with 'BulletCollision_Debug.lib(btCollisionShape.obj)' or at 'C:\Users\Deniss\Desktop\IMPORTANT\Game\x64\Release\BulletCollision.pdb'; linking object as if no debug info
BulletCollision_Debug.lib(btConcaveShape.obj) : warning LNK4099: PDB 'BulletCollision.pdb' was not found with 'BulletCollision_Debug.lib(btConcaveShape.obj)' or at 'C:\Users\Deniss\Desktop\IMPORTANT\Game\x64\Release\BulletCollision.pdb'; linking object as if no debug info
BulletCollision_Debug.lib(btConvexInternalShape.obj) : warning LNK4099: PDB 'BulletCollision.pdb' was not found with 'BulletCollision_Debug.lib(btConvexInternalShape.obj)' or at 'C:\Users\Deniss\Desktop\IMPORTANT\Game\x64\Release\BulletCollision.pdb'; linking object as if no debug info
BulletCollision_Debug.lib(btConvexPolyhedron.obj) : warning LNK4099: PDB 'BulletCollision.pdb' was not found with 'BulletCollision_Debug.lib(btConvexPolyhedron.obj)' or at 'C:\Users\Deniss\Desktop\IMPORTANT\Game\x64\Release\BulletCollision.pdb'; linking object as if no debug info
BulletCollision_Debug.lib(btConvexShape.obj) : warning LNK4099: PDB 'BulletCollision.pdb' was not found with 'BulletCollision_Debug.lib(btConvexShape.obj)' or at 'C:\Users\Deniss\Desktop\IMPORTANT\Game\x64\Release\BulletCollision.pdb'; linking object as if no debug info
BulletCollision_Debug.lib(btMiniSDF.obj) : warning LNK4099: PDB 'BulletCollision.pdb' was not found with 'BulletCollision_Debug.lib(btMiniSDF.obj)' or at 'C:\Users\Deniss\Desktop\IMPORTANT\Game\x64\Release\BulletCollision.pdb'; linking object as if no debug info
BulletCollision_Debug.lib(btOptimizedBvh.obj) : warning LNK4099: PDB 'BulletCollision.pdb' was not found with 'BulletCollision_Debug.lib(btOptimizedBvh.obj)' or at 'C:\Users\Deniss\Desktop\IMPORTANT\Game\x64\Release\BulletCollision.pdb'; linking object as if no debug info
BulletCollision_Debug.lib(btPolyhedralConvexShape.obj) : warning LNK4099: PDB 'BulletCollision.pdb' was not found with 'BulletCollision_Debug.lib(btPolyhedralConvexShape.obj)' or at 'C:\Users\Deniss\Desktop\IMPORTANT\Game\x64\Release\BulletCollision.pdb'; linking object as if no debug info
BulletCollision_Debug.lib(btSdfCollisionShape.obj) : warning LNK4099: PDB 'BulletCollision.pdb' was not found with 'BulletCollision_Debug.lib(btSdfCollisionShape.obj)' or at 'C:\Users\Deniss\Desktop\IMPORTANT\Game\x64\Release\BulletCollision.pdb'; linking object as if no debug info
BulletCollision_Debug.lib(btSphereShape.obj) : warning LNK4099: PDB 'BulletCollision.pdb' was not found with 'BulletCollision_Debug.lib(btSphereShape.obj)' or at 'C:\Users\Deniss\Desktop\IMPORTANT\Game\x64\Release\BulletCollision.pdb'; linking object as if no debug info
BulletCollision_Debug.lib(btTriangleCallback.obj) : warning LNK4099: PDB 'BulletCollision.pdb' was not found with 'BulletCollision_Debug.lib(btTriangleCallback.obj)' or at 'C:\Users\Deniss\Desktop\IMPORTANT\Game\x64\Release\BulletCollision.pdb'; linking object as if no debug info
BulletCollision_Debug.lib(btTriangleMeshShape.obj) : warning LNK4099: PDB 'BulletCollision.pdb' was not found with 'BulletCollision_Debug.lib(btTriangleMeshShape.obj)' or at 'C:\Users\Deniss\Desktop\IMPORTANT\Game\x64\Release\BulletCollision.pdb'; linking object as if no debug info
BulletCollision_Debug.lib(btContinuousConvexCollision.obj) : warning LNK4099: PDB 'BulletCollision.pdb' was not found with 'BulletCollision_Debug.lib(btContinuousConvexCollision.obj)' or at 'C:\Users\Deniss\Desktop\IMPORTANT\Game\x64\Release\BulletCollision.pdb'; linking object as if no debug info
BulletCollision_Debug.lib(btConvexCast.obj) : warning LNK4099: PDB 'BulletCollision.pdb' was not found with 'BulletCollision_Debug.lib(btConvexCast.obj)' or at 'C:\Users\Deniss\Desktop\IMPORTANT\Game\x64\Release\BulletCollision.pdb'; linking object as if no debug info
BulletCollision_Debug.lib(btGjkConvexCast.obj) : warning LNK4099: PDB 'BulletCollision.pdb' was not found with 'BulletCollision_Debug.lib(btGjkConvexCast.obj)' or at 'C:\Users\Deniss\Desktop\IMPORTANT\Game\x64\Release\BulletCollision.pdb'; linking object as if no debug info
BulletCollision_Debug.lib(btGjkEpa2.obj) : warning LNK4099: PDB 'BulletCollision.pdb' was not found with 'BulletCollision_Debug.lib(btGjkEpa2.obj)' or at 'C:\Users\Deniss\Desktop\IMPORTANT\Game\x64\Release\BulletCollision.pdb'; linking object as if no debug info
BulletCollision_Debug.lib(btGjkEpaPenetrationDepthSolver.obj) : warning LNK4099: PDB 'BulletCollision.pdb' was not found with 'BulletCollision_Debug.lib(btGjkEpaPenetrationDepthSolver.obj)' or at 'C:\Users\Deniss\Desktop\IMPORTANT\Game\x64\Release\BulletCollision.pdb'; linking object as if no debug info
BulletCollision_Debug.lib(btGjkPairDetector.obj) : warning LNK4099: PDB 'BulletCollision.pdb' was not found with 'BulletCollision_Debug.lib(btGjkPairDetector.obj)' or at 'C:\Users\Deniss\Desktop\IMPORTANT\Game\x64\Release\BulletCollision.pdb'; linking object as if no debug info
BulletCollision_Debug.lib(btMinkowskiPenetrationDepthSolver.obj) : warning LNK4099: PDB 'BulletCollision.pdb' was not found with 'BulletCollision_Debug.lib(btMinkowskiPenetrationDepthSolver.obj)' or at 'C:\Users\Deniss\Desktop\IMPORTANT\Game\x64\Release\BulletCollision.pdb'; linking object as if no debug info
BulletCollision_Debug.lib(btPersistentManifold.obj) : warning LNK4099: PDB 'BulletCollision.pdb' was not found with 'BulletCollision_Debug.lib(btPersistentManifold.obj)' or at 'C:\Users\Deniss\Desktop\IMPORTANT\Game\x64\Release\BulletCollision.pdb'; linking object as if no debug info
BulletCollision_Debug.lib(btRaycastCallback.obj) : warning LNK4099: PDB 'BulletCollision.pdb' was not found with 'BulletCollision_Debug.lib(btRaycastCallback.obj)' or at 'C:\Users\Deniss\Desktop\IMPORTANT\Game\x64\Release\BulletCollision.pdb'; linking object as if no debug info
BulletCollision_Debug.lib(btSubSimplexConvexCast.obj) : warning LNK4099: PDB 'BulletCollision.pdb' was not found with 'BulletCollision_Debug.lib(btSubSimplexConvexCast.obj)' or at 'C:\Users\Deniss\Desktop\IMPORTANT\Game\x64\Release\BulletCollision.pdb'; linking object as if no debug info
BulletCollision_Debug.lib(btVoronoiSimplexSolver.obj) : warning LNK4099: PDB 'BulletCollision.pdb' was not found with 'BulletCollision_Debug.lib(btVoronoiSimplexSolver.obj)' or at 'C:\Users\Deniss\Desktop\IMPORTANT\Game\x64\Release\BulletCollision.pdb'; linking object as if no debug info
BulletCollision_Debug.lib(btPolyhedralContactClipping.obj) : warning LNK4099: PDB 'BulletCollision.pdb' was not found with 'BulletCollision_Debug.lib(btPolyhedralContactClipping.obj)' or at 'C:\Users\Deniss\Desktop\IMPORTANT\Game\x64\Release\BulletCollision.pdb'; linking object as if no debug info
LinearMath_Debug.lib(btAlignedAllocator.obj) : warning LNK4099: PDB 'LinearMath.pdb' was not found with 'LinearMath_Debug.lib(btAlignedAllocator.obj)' or at 'C:\Users\Deniss\Desktop\IMPORTANT\Game\x64\Release\LinearMath.pdb'; linking object as if no debug info
LinearMath_Debug.lib(btConvexHullComputer.obj) : warning LNK4099: PDB 'LinearMath.pdb' was not found with 'LinearMath_Debug.lib(btConvexHullComputer.obj)' or at 'C:\Users\Deniss\Desktop\IMPORTANT\Game\x64\Release\LinearMath.pdb'; linking object as if no debug info
LinearMath_Debug.lib(btGeometryUtil.obj) : warning LNK4099: PDB 'LinearMath.pdb' was not found with 'LinearMath_Debug.lib(btGeometryUtil.obj)' or at 'C:\Users\Deniss\Desktop\IMPORTANT\Game\x64\Release\LinearMath.pdb'; linking object as if no debug info
LinearMath_Debug.lib(btQuickprof.obj) : warning LNK4099: PDB 'LinearMath.pdb' was not found with 'LinearMath_Debug.lib(btQuickprof.obj)' or at 'C:\Users\Deniss\Desktop\IMPORTANT\Game\x64\Release\LinearMath.pdb'; linking object as if no debug info
LinearMath_Debug.lib(btVector3.obj) : warning LNK4099: PDB 'LinearMath.pdb' was not found with 'LinearMath_Debug.lib(btVector3.obj)' or at 'C:\Users\Deniss\Desktop\IMPORTANT\Game\x64\Release\LinearMath.pdb'; linking object as if no debug info
  Game.vcxproj -> C:\Users\Deniss\Desktop\IMPORTANT\Game\x64\Release\Game.exe
